  正在验证源
  正在将源远程复制到“192.168.223.128”
  正在验证体系结构
  正在验证体系结构
D:\Microsoft Visual Studio2019\2019\Community\MSBuild\Microsoft\VC\v160\Application Type\Linux\1.0\Linux.targets(200,5): warning : 当前项目体系结构“ARM”不兼容远程系统体系结构“x64”(“x64”)。请在 Configuration Manager 中将项目体系结构切换为“x64”。如果正在交叉编译，可以忽略此警告。
  正在启动远程生成
  正在编译源:
  bike.pb.cpp
E:\Vs2019_Project\shared_bike\shared_bike\shared_bike\bike.pb.h(17,2): error : #error This file was generated by an older version of protoc which is
E:\Vs2019_Project\shared_bike\shared_bike\shared_bike\bike.pb.h(17,2): error :  #error This file was generated by an older version of protoc which is
E:\Vs2019_Project\shared_bike\shared_bike\shared_bike\bike.pb.h(17,2): error :   ^
E:\Vs2019_Project\shared_bike\shared_bike\shared_bike\bike.pb.h(18,2): error : #error incompatible with your Protocol Buffer headers. Please
E:\Vs2019_Project\shared_bike\shared_bike\shared_bike\bike.pb.h(18,2): error :  #error incompatible with your Protocol Buffer headers. Please
E:\Vs2019_Project\shared_bike\shared_bike\shared_bike\bike.pb.h(18,2): error :   ^
E:\Vs2019_Project\shared_bike\shared_bike\shared_bike\bike.pb.h(19,2): error : #error regenerate this file with a newer version of protoc.
E:\Vs2019_Project\shared_bike\shared_bike\shared_bike\bike.pb.h(19,2): error :  #error regenerate this file with a newer version of protoc.
E:\Vs2019_Project\shared_bike\shared_bike\shared_bike\bike.pb.h(19,2): error :   ^
E:\Vs2019_Project\shared_bike\shared_bike\shared_bike\bike.pb.h(3648,36): error : ‘PROTOBUF_ULONGLONG’ was not declared in this scope
E:\Vs2019_Project\shared_bike\shared_bike\shared_bike\bike.pb.h(3648,36): error :    timestamp_ = PROTOBUF_ULONGLONG(0);
E:\Vs2019_Project\shared_bike\shared_bike\shared_bike\bike.pb.h(3648,36): error :                                     ^
E:\Vs2019_Project\shared_bike\shared_bike\shared_bike\bike.pb.h(3901,30): error : ‘PROTOBUF_ULONGLONG’ was not declared in this scope
E:\Vs2019_Project\shared_bike\shared_bike\shared_bike\bike.pb.h(3901,30): error :    stm_ = PROTOBUF_ULONGLONG(0);
E:\Vs2019_Project\shared_bike\shared_bike\shared_bike\bike.pb.h(3901,30): error :                               ^
E:\Vs2019_Project\shared_bike\shared_bike\shared_bike\bike.pb.cpp(141,36): error : ‘PROTOBUF_ULONGLONG’ was not declared in this scope
E:\Vs2019_Project\shared_bike\shared_bike\shared_bike\bike.pb.cpp(141,36): error :    , timestamp_(PROTOBUF_ULONGLONG(0)){}
E:\Vs2019_Project\shared_bike\shared_bike\shared_bike\bike.pb.cpp(141,36): error :                                     ^
E:\Vs2019_Project\shared_bike\shared_bike\shared_bike\bike.pb.cpp(179,30): error : ‘PROTOBUF_ULONGLONG’ was not declared in this scope
E:\Vs2019_Project\shared_bike\shared_bike\shared_bike\bike.pb.cpp(641,11): error : ‘struct google::protobuf::internal::ArenaStringPtr’ has no member named ‘Swap’
E:\Vs2019_Project\shared_bike\shared_bike\shared_bike\bike.pb.cpp(749,71): warning : conversion to ‘google::protobuf::int32 {aka int}’ from ‘google::protobuf::uint64 {aka long unsigned int}’ may alter its value [-Wconversion]
E:\Vs2019_Project\shared_bike\shared_bike\shared_bike\bike.pb.cpp(757,72): warning : conversion to ‘google::protobuf::int32 {aka int}’ from ‘google::protobuf::uint64 {aka long unsigned int}’ may alter its value [-Wconversion]
E:\Vs2019_Project\shared_bike\shared_bike\shared_bike\bike.pb.cpp(951,9): error : ‘struct google::protobuf::internal::ArenaStringPtr’ has no member named ‘Swap’
E:\Vs2019_Project\shared_bike\shared_bike\shared_bike\bike.pb.cpp(1064,72): warning : conversion to ‘google::protobuf::int32 {aka int}’ from ‘google::protobuf::uint64 {aka long unsigned int}’ may alter its value [-Wconversion]
E:\Vs2019_Project\shared_bike\shared_bike\shared_bike\bike.pb.cpp(1230,11): error : ‘struct google::protobuf::internal::ArenaStringPtr’ has no member named ‘Swap’
E:\Vs2019_Project\shared_bike\shared_bike\shared_bike\bike.pb.cpp(1327,71): warning : conversion to ‘google::protobuf::int32 {aka int}’ from ‘google::protobuf::uint64 {aka long unsigned int}’ may alter its value [-Wconversion]
E:\Vs2019_Project\shared_bike\shared_bike\shared_bike\bike.pb.cpp(1484,9): error : ‘struct google::protobuf::internal::ArenaStringPtr’ has no member named ‘Swap’
E:\Vs2019_Project\shared_bike\shared_bike\shared_bike\bike.pb.cpp(1592,73): warning : conversion to ‘google::protobuf::int32 {aka int}’ from ‘google::protobuf::uint64 {aka long unsigned int}’ may alter its value [-Wconversion]
E:\Vs2019_Project\shared_bike\shared_bike\shared_bike\bike.pb.cpp(1758,11): error : ‘struct google::protobuf::internal::ArenaStringPtr’ has no member named ‘Swap’
E:\Vs2019_Project\shared_bike\shared_bike\shared_bike\bike.pb.cpp(1867,71): warning : conversion to ‘google::protobuf::int32 {aka int}’ from ‘google::protobuf::uint64 {aka long unsigned int}’ may alter its value [-Wconversion]
E:\Vs2019_Project\shared_bike\shared_bike\shared_bike\bike.pb.cpp(1886,74): warning : conversion to ‘google::protobuf::int32 {aka int}’ from ‘google::protobuf::uint64 {aka long unsigned int}’ may alter its value [-Wconversion]
E:\Vs2019_Project\shared_bike\shared_bike\shared_bike\bike.pb.cpp(2069,9): error : ‘struct google::protobuf::internal::ArenaStringPtr’ has no member named ‘Swap’
E:\Vs2019_Project\shared_bike\shared_bike\shared_bike\bike.pb.cpp(2293,11): error : ‘struct google::protobuf::internal::ArenaStringPtr’ has no member named ‘Swap’
E:\Vs2019_Project\shared_bike\shared_bike\shared_bike\bike.pb.cpp(2401,71): warning : conversion to ‘google::protobuf::int32 {aka int}’ from ‘google::protobuf::uint64 {aka long unsigned int}’ may alter its value [-Wconversion]
E:\Vs2019_Project\shared_bike\shared_bike\shared_bike\bike.pb.cpp(2420,74): warning : conversion to ‘google::protobuf::int32 {aka int}’ from ‘google::protobuf::uint64 {aka long unsigned int}’ may alter its value [-Wconversion]
E:\Vs2019_Project\shared_bike\shared_bike\shared_bike\bike.pb.cpp(2603,9): error : ‘struct google::protobuf::internal::ArenaStringPtr’ has no member named ‘Swap’
E:\Vs2019_Project\shared_bike\shared_bike\shared_bike\bike.pb.cpp(2827,11): error : ‘struct google::protobuf::internal::ArenaStringPtr’ has no member named ‘Swap’
E:\Vs2019_Project\shared_bike\shared_bike\shared_bike\bike.pb.cpp(2925,71): warning : conversion to ‘google::protobuf::int32 {aka int}’ from ‘google::protobuf::uint64 {aka long unsigned int}’ may alter its value [-Wconversion]
E:\Vs2019_Project\shared_bike\shared_bike\shared_bike\bike.pb.cpp(2933,72): warning : conversion to ‘google::protobuf::int32 {aka int}’ from ‘google::protobuf::uint64 {aka long unsigned int}’ may alter its value [-Wconversion]
E:\Vs2019_Project\shared_bike\shared_bike\shared_bike\bike.pb.cpp(3228,71): warning : conversion to ‘google::protobuf::int32 {aka int}’ from ‘google::protobuf::uint64 {aka long unsigned int}’ may alter its value [-Wconversion]
E:\Vs2019_Project\shared_bike\shared_bike\shared_bike\bike.pb.cpp(3415,9): error : ‘struct google::protobuf::internal::ArenaStringPtr’ has no member named ‘Swap’
E:\Vs2019_Project\shared_bike\shared_bike\shared_bike\bike.pb.cpp(3634,11): error : ‘struct google::protobuf::internal::ArenaStringPtr’ has no member named ‘Swap’
E:\Vs2019_Project\shared_bike\shared_bike\shared_bike\bike.pb.cpp(4053,71): warning : conversion to ‘google::protobuf::int32 {aka int}’ from ‘google::protobuf::uint64 {aka long unsigned int}’ may alter its value [-Wconversion]
E:\Vs2019_Project\shared_bike\shared_bike\shared_bike\bike.pb.cpp(4331,9): error : ‘struct google::protobuf::internal::ArenaStringPtr’ has no member named ‘Swap’
  iniconfig.cpp
E:\Vs2019_Project\shared_bike\shared_bike\shared_bike\iniconfig.cpp(2,33): error : iniparser/iniparser.h: No such file or directory
E:\Vs2019_Project\shared_bike\shared_bike\shared_bike\iniconfig.cpp(2,33): error :  #include <iniparser/iniparser.h>
E:\Vs2019_Project\shared_bike\shared_bike\shared_bike\iniconfig.cpp(2,33): error :                                  ^
E:\Vs2019_Project\shared_bike\shared_bike\shared_bike\iniconfig.cpp(2,33): error : compilation terminated.
